# JRE version: Java(TM) SE Runtime Environment (19.0.2+7) (build 19.0.2+7-44)
# Java VM: Java HotSpot(TM) 64-Bit Server VM (19.0.2+7-44, mixed mode, sharing, tiered, compressed oops, compressed class ptrs, g1 gc, windows-amd64)
GC Precious Log:
 CardTable entry size: 512
 Card Set container configuration: InlinePtr #cards 5 size 8 Array Of Cards #cards 12 size 40 Howl #buckets 4 coarsen threshold 1843 Howl Bitmap #cards 512 size 80 coarsen threshold 460 Card regions per heap region 1 cards per card region 2048
 CPUs: 4 total, 4 available
 Memory: 5957M
 Large Page Support: Disabled
 NUMA Support: Disabled
 Compressed Oops: Enabled (32-bit)
 Heap Region Size: 1M
 Heap Min Capacity: 8M
 Heap Initial Capacity: 94M
 Heap Max Capacity: 1490M
 Pre-touch: Disabled
 Parallel Workers: 4
 Concurrent Workers: 1
 Concurrent Refinement Workers: 4
 Periodic GC: Disabled
Heap:
 garbage-first heap   total 136192K, used 90689K [0x00000000a2e00000, 0x0000000100000000)
  region size 1024K, 60 young (61440K), 1 survivors (1024K)
 Metaspace       used 74141K, committed 74880K, reserved 1114112K
  class space    used 9544K, committed 9920K, reserved 1048576K
GC Heap History (20 events):
Event: 14.297 GC heap before
{Heap before GC invocations=19 (full 0):
 garbage-first heap   total 61440K, used 27405K [0x00000000a2e00000, 0x0000000100000000)
  region size 1024K, 4 young (4096K), 3 survivors (3072K)
 Metaspace       used 61331K, committed 61952K, reserved 1114112K
  class space    used 8102K, committed 8384K, reserved 1048576K
}
Event: 14.305 GC heap after
{Heap after GC invocations=20 (full 0):
 garbage-first heap   total 61440K, used 26268K [0x00000000a2e00000, 0x0000000100000000)
  region size 1024K, 1 young (1024K), 1 survivors (1024K)
 Metaspace       used 61331K, committed 61952K, reserved 1114112K
  class space    used 8102K, committed 8384K, reserved 1048576K
}
Event: 14.835 GC heap before
{Heap before GC invocations=20 (full 0):
 garbage-first heap   total 61440K, used 47772K [0x00000000a2e00000, 0x0000000100000000)
  region size 1024K, 23 young (23552K), 1 survivors (1024K)
 Metaspace       used 63842K, committed 64448K, reserved 1114112K
  class space    used 8467K, committed 8768K, reserved 1048576K
}
Event: 14.841 GC heap after
{Heap after GC invocations=21 (full 0):
 garbage-first heap   total 61440K, used 27412K [0x00000000a2e00000, 0x0000000100000000)
  region size 1024K, 2 young (2048K), 2 survivors (2048K)
 Metaspace       used 63842K, committed 64448K, reserved 1114112K
  class space    used 8467K, committed 8768K, reserved 1048576K
}
Event: 15.570 GC heap before
{Heap before GC invocations=21 (full 0):
 garbage-first heap   total 61440K, used 48916K [0x00000000a2e00000, 0x0000000100000000)
  region size 1024K, 23 young (23552K), 2 survivors (2048K)
 Metaspace       used 66544K, committed 67200K, reserved 1114112K
  class space    used 8838K, committed 9152K, reserved 1048576K
}
Event: 15.577 GC heap after
{Heap after GC invocations=22 (full 0):
 garbage-first heap   total 61440K, used 28867K [0x00000000a2e00000, 0x0000000100000000)
  region size 1024K, 3 young (3072K), 3 survivors (3072K)
 Metaspace       used 66544K, committed 67200K, reserved 1114112K
  class space    used 8838K, committed 9152K, reserved 1048576K
}
Event: 18.291 GC heap before
{Heap before GC invocations=22 (full 0):
 garbage-first heap   total 61440K, used 49347K [0x00000000a2e00000, 0x0000000100000000)
  region size 1024K, 23 young (23552K), 3 survivors (3072K)
 Metaspace       used 68108K, committed 68800K, reserved 1114112K
  class space    used 9044K, committed 9344K, reserved 1048576K
}
Event: 18.314 GC heap after
{Heap after GC invocations=23 (full 0):
 garbage-first heap   total 61440K, used 30326K [0x00000000a2e00000, 0x0000000100000000)
  region size 1024K, 2 young (2048K), 2 survivors (2048K)
 Metaspace       used 68108K, committed 68800K, reserved 1114112K
  class space    used 9044K, committed 9344K, reserved 1048576K
}
Event: 71.355 GC heap before
{Heap before GC invocations=23 (full 0):
 garbage-first heap   total 61440K, used 48758K [0x00000000a2e00000, 0x0000000100000000)
  region size 1024K, 21 young (21504K), 2 survivors (2048K)
 Metaspace       used 72447K, committed 73216K, reserved 1114112K
  class space    used 9491K, committed 9856K, reserved 1048576K
}
Event: 71.363 GC heap after
{Heap after GC invocations=24 (full 0):
 garbage-first heap   total 61440K, used 31411K [0x00000000a2e00000, 0x0000000100000000)
  region size 1024K, 3 young (3072K), 3 survivors (3072K)
 Metaspace       used 72447K, committed 73216K, reserved 1114112K
  class space    used 9491K, committed 9856K, reserved 1048576K
}
Event: 74.560 GC heap before
{Heap before GC invocations=25 (full 0):
 garbage-first heap   total 61440K, used 49843K [0x00000000a2e00000, 0x0000000100000000)
  region size 1024K, 21 young (21504K), 3 survivors (3072K)
 Metaspace       used 73562K, committed 74304K, reserved 1114112K
  class space    used 9503K, committed 9856K, reserved 1048576K
}
Event: 74.568 GC heap after
{Heap after GC invocations=26 (full 0):
 garbage-first heap   total 61440K, used 31693K [0x00000000a2e00000, 0x0000000100000000)
  region size 1024K, 2 young (2048K), 2 survivors (2048K)
 Metaspace       used 73562K, committed 74304K, reserved 1114112K
  class space    used 9503K, committed 9856K, reserved 1048576K
}
Event: 74.670 GC heap before
{Heap before GC invocations=26 (full 0):
 garbage-first heap   total 61440K, used 32717K [0x00000000a2e00000, 0x0000000100000000)
  region size 1024K, 3 young (3072K), 2 survivors (2048K)
 Metaspace       used 73562K, committed 74304K, reserved 1114112K
  class space    used 9503K, committed 9856K, reserved 1048576K
}
Event: 74.677 GC heap after
{Heap after GC invocations=27 (full 0):
 garbage-first heap   total 61440K, used 31267K [0x00000000a2e00000, 0x0000000100000000)
  region size 1024K, 1 young (1024K), 1 survivors (1024K)
 Metaspace       used 73562K, committed 74304K, reserved 1114112K
  class space    used 9503K, committed 9856K, reserved 1048576K
}
Event: 86.228 GC heap before
{Heap before GC invocations=27 (full 0):
 garbage-first heap   total 61440K, used 49699K [0x00000000a2e00000, 0x0000000100000000)
  region size 1024K, 19 young (19456K), 1 survivors (1024K)
 Metaspace       used 73786K, committed 74496K, reserved 1114112K
  class space    used 9503K, committed 9856K, reserved 1048576K
}
Event: 86.231 GC heap after
{Heap after GC invocations=28 (full 0):
 garbage-first heap   total 136192K, used 31186K [0x00000000a2e00000, 0x0000000100000000)
  region size 1024K, 1 young (1024K), 1 survivors (1024K)
 Metaspace       used 73786K, committed 74496K, reserved 1114112K
  class space    used 9503K, committed 9856K, reserved 1048576K
}
Event: 221.679 GC heap before
{Heap before GC invocations=28 (full 0):
 garbage-first heap   total 136192K, used 111058K [0x00000000a2e00000, 0x0000000100000000)
  region size 1024K, 79 young (80896K), 1 survivors (1024K)
 Metaspace       used 74125K, committed 74880K, reserved 1114112K
  class space    used 9543K, committed 9920K, reserved 1048576K
}
Event: 221.682 GC heap after
{Heap after GC invocations=29 (full 0):
 garbage-first heap   total 136192K, used 31306K [0x00000000a2e00000, 0x0000000100000000)
  region size 1024K, 1 young (1024K), 1 survivors (1024K)
 Metaspace       used 74125K, committed 74880K, reserved 1114112K
  class space    used 9543K, committed 9920K, reserved 1048576K
}
Event: 280.969 GC heap before
{Heap before GC invocations=29 (full 0):
 garbage-first heap   total 136192K, used 111178K [0x00000000a2e00000, 0x0000000100000000)
  region size 1024K, 79 young (80896K), 1 survivors (1024K)
 Metaspace       used 74134K, committed 74880K, reserved 1114112K
  class space    used 9543K, committed 9920K, reserved 1048576K
}
Event: 280.974 GC heap after
{Heap after GC invocations=30 (full 0):
 garbage-first heap   total 136192K, used 31297K [0x00000000a2e00000, 0x0000000100000000)
  region size 1024K, 1 young (1024K), 1 survivors (1024K)
 Metaspace       used 74134K, committed 74880K, reserved 1114112K
  class space    used 9543K, committed 9920K, reserved 1048576K
}

